[falruba@scp-1-amos(rienm3) ~]$ amos ERS958
EMGUI_CREDENTIALS: info ( /usr/local/bin/ssucredentials.sh ): The SLS certificate is already present and is valid for next 24 hours

                        __  __  ____   _____
                  /\   |  \/  |/ __ \ / ____|
                 /  \  | \  / | |  | | (___  
                / /\ \ | |\/| | |  | |\___ \ 
               / ____ \| |  | | |__| |____) |
              /_/    \_\_|  |_|\____/|_____/
              OSS Framework for MoShell-20.0c 
  Copyright (c) Ericsson AB 2001-2020 - All Rights Reserved
              
           
WARNING: the AMOS version currently running is more than 22 weeks old.
It is recommended to always use the latest released moshell version.
To obtain the latest released version contact your local Ericsson support.

$amosrb_pid = 12365

Checking ip contact...lt all
OK

HELP MENU            : h
BASIC MO COMMANDS    : m
OTHER MO COMMANDS    : n
OTHER COMMANDS       : o
PM COMMANDS          : p
QUIT                 : q
ERS958> lt all

200713-00:36:01 10.140.159.156 20.0c  stopfile=/tmp/12308
Trying rbs's password from uservariable com_password ...OK

$ssh_pid = 13186

Connected to 10.140.159.156 (SubNetwork=ONRM_ROOT_MO,SubNetwork=Riyadh_Nodes,MeContext=ERS958,ManagedElement=ERS958)

Checking MOM version...MSRBS_NODE_MODEL_20.Q1_434.28140.66_58a9
Parsing MOM (cached): /var/tmp/20200713-003535_12253/MSRBS_NODE_MODEL_20.Q1_434.28140.66_58a9.xml.cache.gz ...............................................................................................................................................Done.
Using paramfile /opt/ericsson/amos/moshell/commonjars/pm/PARAM_MSRBS_19.Q4.txt
Parsing file /opt/ericsson/amos/moshell/commonjars/pm/PARAM_MSRBS_19.Q4.txt ....................................................................................Done.
Using imomdfile /opt/ericsson/amos/moshell/commonjars/pm/IMOMD_MSRBS_19.Q4.txt
Using imomfile /opt/ericsson/amos/moshell/commonjars/pm/IMOM_MSRBS_19.Q4.txt
Connected to 10.140.159.156 (SubNetwork=ONRM_ROOT_MO,SubNetwork=Riyadh_Nodes,MeContext=ERS958,ManagedElement=ERS958)

Last MO: 12688. Loaded 12688 MOs. Total: 12689 MOs.

ERS958> st pl

200713-02:11:07 10.140.159.156 20.0c MSRBS_NODE_MODEL_20.Q1_434.28140.66_58a9 stopfile=/tmp/12308
Connected to 10.74.205.253 (SubNetwork=ONRM_ROOT_MO,SubNetwork=Riyadh_Nodes,MeContext=EMZ018,ManagedElement=EMZ018)
===================================================================================
Proxy  Adm State     Op. State     MO
===================================================================================
 2329  1 (UNLOCKED)  1 (ENABLED)   Equipment=1,FieldReplaceableUnit=BB6630
 2363  1 (UNLOCKED)  0 (DISABLED)  Equipment=1,FieldReplaceableUnit=ERS-1
 2378  1 (UNLOCKED)  1 (ENABLED)   Equipment=1,FieldReplaceableUnit=ERS-10
 2405  1 (UNLOCKED)  1 (ENABLED)   Equipment=1,FieldReplaceableUnit=ERS-11
 2432  1 (UNLOCKED)  1 (ENABLED)   Equipment=1,FieldReplaceableUnit=ERS-12
 2459  1 (UNLOCKED)  0 (DISABLED)  Equipment=1,FieldReplaceableUnit=ERS-2
 2474  1 (UNLOCKED)  1 (ENABLED)   Equipment=1,FieldReplaceableUnit=ERS-3
 2489  1 (UNLOCKED)  0 (DISABLED)  Equipment=1,FieldReplaceableUnit=ERS-7
 2502  1 (UNLOCKED)  0 (DISABLED)  Equipment=1,FieldReplaceableUnit=ERS-8
 2515  1 (UNLOCKED)  1 (ENABLED)   Equipment=1,FieldReplaceableUnit=ERS-9
===================================================================================
Total: 10 MOs

EMZ018> st cell

200713-02:11:50 10.74.205.253 20.0c MSRBS_NODE_MODEL_20.Q1_434.28140.66_58a9 stopfile=/tmp/23849
===================================================================================
Proxy  Adm State     Op. State     MO
===================================================================================
   39  0 (LOCKED)    0 (DISABLED)  ENodeBFunction=1,EUtranCellFDD=EMZ018A
  145  0 (LOCKED)    0 (DISABLED)  ENodeBFunction=1,EUtranCellFDD=EMZ018B
  239  0 (LOCKED)    0 (DISABLED)  ENodeBFunction=1,EUtranCellFDD=EMZ018C
  355  0 (LOCKED)    0 (DISABLED)  ENodeBFunction=1,EUtranCellFDD=EMZ018E
  451  0 (LOCKED)    0 (DISABLED)  ENodeBFunction=1,EUtranCellFDD=EMZ018F
  537  0 (LOCKED)    0 (DISABLED)  ENodeBFunction=1,EUtranCellFDD=EMZ018G
  650  0 (LOCKED)    0 (DISABLED)  ENodeBFunction=1,EUtranCellFDD=FMZ018A
  748  0 (LOCKED)    0 (DISABLED)  ENodeBFunction=1,EUtranCellFDD=FMZ018B
  835  0 (LOCKED)    0 (DISABLED)  ENodeBFunction=1,EUtranCellFDD=FMZ018C
  945  0 (LOCKED)    0 (DISABLED)  ENodeBFunction=1,EUtranCellFDD=XMZ018A
 1088  0 (LOCKED)    0 (DISABLED)  ENodeBFunction=1,EUtranCellFDD=XMZ018B
 1179  0 (LOCKED)    0 (DISABLED)  ENodeBFunction=1,EUtranCellFDD=XMZ018C
 1293  0 (LOCKED)    0 (DISABLED)  ENodeBFunction=1,EUtranCellFDD=XMZ018E
 1402  0 (LOCKED)    0 (DISABLED)  ENodeBFunction=1,EUtranCellFDD=XMZ018F
 1487  0 (LOCKED)    0 (DISABLED)  ENodeBFunction=1,EUtranCellFDD=XMZ018G
 1827  0 (LOCKED)    0 (DISABLED)  ENodeBFunction=1,NbIotCell=XiMZ018A
 1828  0 (LOCKED)    0 (DISABLED)  ENodeBFunction=1,NbIotCell=XiMZ018B
 1829  0 (LOCKED)    0 (DISABLED)  ENodeBFunction=1,NbIotCell=XiMZ018C
===================================================================================
Total: 18 MOs

EMZ018> alt

200713-02:11:50 10.74.205.253 20.0c MSRBS_NODE_MODEL_20.Q1_434.28140.66_58a9 stopfile=/tmp/23849

Collecting Alarms...
..............................
====================================================================================================================
Date & Time (UTC)   S Specific Problem                    MO (Cause/AdditionalInfo)
====================================================================================================================
2020-07-12 19:33:53 m External Link Failure               ENodeBFunction=1 (X2 link problem to one or several neighbouring eNodeBs. AI: PLMN ID-eNB ID 1 : 4201-253008)
2020-07-12 22:34:06 m Power Disturbance                   ExternalPower=1 (Insufficient power, see additional info for affected unit(s) AI: UNIT1:Radio 4428 B3,E554902841)
2020-07-12 22:49:52 m Link Failure                        RiLink=1 (Not in operation. Near end port:FieldReplaceableUnit=BB6630,RiPort=A (transportType=NOT_SET))
2020-07-12 22:51:11 m Link Failure                        RiLink=7 (Not in operation. Near end port:FieldReplaceableUnit=BB6630,RiPort=D (transportType=NOT_SET))
2020-07-12 23:04:20 m Link Failure                        RiLink=8 (Not in operation. Near end port:FieldReplaceableUnit=BB6630,RiPort=E (transportType=NOT_SET))
>>> Total: 5 Alarms (0 Critical, 0 Major)

EMZ018> st mme

200713-02:11:50 10.74.205.253 20.0c MSRBS_NODE_MODEL_20.Q1_434.28140.66_58a9 stopfile=/tmp/23849
===================================================================================
Proxy  Adm State     Op. State     MO
===================================================================================
 1978  1 (UNLOCKED)  1 (ENABLED)   ENodeBFunction=1,TermPointToMme=HU_3
 1979  1 (UNLOCKED)  1 (ENABLED)   ENodeBFunction=1,TermPointToMme=MSJH02
 1980  1 (UNLOCKED)  1 (ENABLED)   ENodeBFunction=1,TermPointToMme=MSRH02
 1981  1 (UNLOCKED)  1 (ENABLED)   ENodeBFunction=1,TermPointToMme=Ola_MME
 1982  1 (UNLOCKED)  1 (ENABLED)   ENodeBFunction=1,TermPointToMme=Sah_MME
===================================================================================
Total: 5 MOs

EMZ018> hget rilink ref|krate|state

200713-02:11:51 10.74.205.253 20.0c MSRBS_NODE_MODEL_20.Q1_434.28140.66_58a9 stopfile=/tmp/23849

=================================================================================================================
MO                                                       administrativeState
=================================================================================================================
HealthCheckM=1,HcRule=CommonFunction_CheckCPRILinkStatus 1 (UNLOCKED)       
=================================================================================================================
Total: 1 MOs

Added 1 MOs to group: hget_group
.....
=================================================================================================================
MO        linkRate operationalState riPortRef1                                riPortRef2                          
=================================================================================================================
RiLink=1  0        0 (DISABLED)     FieldReplaceableUnit=ERS-1,RiPort=DATA_1  FieldReplaceableUnit=BB6630,RiPort=A
RiLink=10 10100    1 (ENABLED)      FieldReplaceableUnit=ERS-10,RiPort=DATA_2 FieldReplaceableUnit=BB6630,RiPort=G
RiLink=11 10100    1 (ENABLED)      FieldReplaceableUnit=ERS-11,RiPort=DATA_2 FieldReplaceableUnit=BB6630,RiPort=H
RiLink=12 10100    1 (ENABLED)      FieldReplaceableUnit=ERS-12,RiPort=DATA_2 FieldReplaceableUnit=BB6630,RiPort=J
RiLink=2  0        0 (DISABLED)     FieldReplaceableUnit=ERS-2,RiPort=DATA_1  FieldReplaceableUnit=BB6630,RiPort=B
RiLink=3  10100    1 (ENABLED)      FieldReplaceableUnit=ERS-3,RiPort=DATA_1  FieldReplaceableUnit=BB6630,RiPort=C
RiLink=7  0        0 (DISABLED)     FieldReplaceableUnit=ERS-7,RiPort=DATA_1  FieldReplaceableUnit=BB6630,RiPort=D
RiLink=8  0        0 (DISABLED)     FieldReplaceableUnit=ERS-8,RiPort=DATA_1  FieldReplaceableUnit=BB6630,RiPort=E
RiLink=9  9800     1 (ENABLED)      FieldReplaceableUnit=ERS-9,RiPort=DATA_1  FieldReplaceableUnit=BB6630,RiPort=F
=================================================================================================================
Total: 9 MOs

Added 9 MOs to group: hget_group


EMZ018> sts

200713-02:11:51 10.74.205.253 20.0c MSRBS_NODE_MODEL_20.Q1_434.28140.66_58a9 stopfile=/tmp/23849
..............................................................................
radioClockState : RNT_TIME_LOCKED
-------------------------------------------------------------------------------------
Prio  ST  syncRefType    refStatus  opQualLevel  SyncReference
-------------------------------------------------------------------------------------
  *1   1  PTP_TIME       NO_FAULT   PRTC         Ptp=1,BoundaryOrdinaryClock=PTP1 (G_8275_1 EthernetPort=TN_A)
   2   1  SYNC_E         NO_FAULT   PRC          Synchronization=1,SyncEthInput=1 (SFP_OPTICAL EthernetPort=TN_A)
   3   1  NTP_FREQUENCY  NO_FAULT   PRC          Ntp=1,NtpFrequencySync=1 (10.227.45.124:32751 Router=LTE_CP_UP,InterfaceIPv4=2,AddressIPv4=1)
   4   1  NTP_FREQUENCY  NO_FAULT   PRC          Ntp=1,NtpFrequencySync=2 (10.227.46.204:32752 Router=LTE_CP_UP,InterfaceIPv4=2,AddressIPv4=1)
-------------------------------------------------------------------------------------

EMZ018>  cvls

200713-02:11:52 10.74.205.253 20.0c MSRBS_NODE_MODEL_20.Q1_434.28140.66_58a9 stopfile=/tmp/23849
..........................................................................................................
====================================================================================
200713-02:11            BackupName                               SwVersion
====================================================================================
LastCreatedBackup:      before_MDT_200713                        CXP9024418/6_R85F27
LastRestoredBackup:                                              
------------------------------------------------------------------------------------
Current SwVersion:      CXP9024418/6_R85F27 (20.Q1)
BrmHouseKeeping:        ENABLED (max: 20 backups)
BrmFailSafe:            IDLE
RestoreEscalationList:  s[1] = Escalation_default_20200711T223702+0000 
===================================================================================================================
SwVersion            ProductData          ProdDate  Rel    LMs  InstallationDate     ActivationDate       DeactivationDate   
===================================================================================================================
CXP9024418/6-R85F27  CXP9024418/6_R85F27  20200411  20.Q1  107  2020-07-11 22:32:25  2020-07-11 22:32:25                     
===================================================================================================================
UpgradePackage       ProductData          ProdDate  Rel    CreationDate         State           
===================================================================================================================
CXP9024418/6-R85F27  CXP9024418/6_R85F27  20200411  20.Q1  2020-07-11 22:32:24  COMMIT_COMPLETED
===================================================================================================================
Id  BackupName                               CreationTime         SwVersion           Rel    Type   Stat  MO
===================================================================================================================
 1  Escalation_default_20200711T223702+0000  2020-07-11 22:37:02  CXP9024418/6_R85F27 20.Q1  SYSCR  OK    BrmBackup=4
 2  After_4G_Relation_200712                 2020-07-11 23:12:56  CXP9024418/6_R85F27 20.Q1  MANUAL OK    BrmBackup=10
 3  After_L700C2_BL_200712                   2020-07-11 23:14:15  CXP9024418/6_R85F27 20.Q1  MANUAL OK    BrmBackup=11
 4  12_Install_License_200712                2020-07-11 23:19:11  CXP9024418/6_R85F27 20.Q1  MANUAL OK    BrmBackup=12
 5  before_L2100_EARFCN                      2020-07-11 23:20:04  CXP9024418/6_R85F27 20.Q1  MANUAL OK    BrmBackup=13
 6  4GFreRelation_added_20200712             2020-07-11 23:27:14  CXP9024418/6_R85F27 20.Q1  MANUAL OK    BrmBackup=14
 7  before_baseline_1                        2020-07-11 23:29:14  CXP9024418/6_R85F27 20.Q1  MANUAL OK    BrmBackup=15
 8  after_FDD_baseline_R                     2020-07-11 23:40:27  CXP9024418/6_R85F27 20.Q1  MANUAL OK    BrmBackup=16
 9  FDD_sync_config                          2020-07-11 23:40:55  CXP9024418/6_R85F27 20.Q1  MANUAL OK    BrmBackup=17
10  Before_QOS_Setting_1                     2020-07-12 00:30:19  CXP9024418/6_R85F27 20.Q1  MANUAL OK    BrmBackup=18
11  Before_QOS_Setting_1_2                   2020-07-12 00:32:39  CXP9024418/6_R85F27 20.Q1  MANUAL OK    BrmBackup=19
12  After_QOS_Setting_1                      2020-07-12 00:34:16  CXP9024418/6_R85F27 20.Q1  MANUAL OK    BrmBackup=20
13  After_Qos_essam                          2020-07-12 00:39:55  CXP9024418/6_R85F27 20.Q1  MANUAL OK    BrmBackup=21
14  before_ipsec_enrollment                  2020-07-12 00:41:40  CXP9024418/6_R85F27 20.Q1  MANUAL OK    BrmBackup=22
15  after_ipsec_enrollment                   2020-07-12 00:51:29  CXP9024418/6_R85F27 20.Q1  MANUAL OK    BrmBackup=23
16  BEFORE_IPSEC                             2020-07-12 01:03:26  CXP9024418/6_R85F27 20.Q1  MANUAL OK    BrmBackup=24
17  before_X2_S1                             2020-07-12 01:06:18  CXP9024418/6_R85F27 20.Q1  MANUAL OK    BrmBackup=25
18  after_X2_S1_1                            2020-07-12 01:06:35  CXP9024418/6_R85F27 20.Q1  MANUAL OK    BrmBackup=26
19  after_postHC_200712                      2020-07-12 03:41:26  CXP9024418/6_R85F27 20.Q1  MANUAL OK    BrmBackup=27
20  CXP9024418_6_R85F27_12072020064647       2020-07-12 03:46:48  CXP9024418/6_R85F27 20.Q1  MANUAL OK    BrmBackup=28
21  before_MDT_200713                        2020-07-12 20:58:53  CXP9024418/6_R85F27 20.Q1  MANUAL OK    BrmBackup=29
===================================================================================================================
>>> Total: 21 CV's, 1 UP's

EMZ018> get Transport=1,EthernetPort

200713-02:11:53 10.74.205.253 20.0c MSRBS_NODE_MODEL_20.Q1_434.28140.66_58a9 stopfile=/tmp/23849
=================================================================================================================
13104                                Transport=1,EthernetPort=TN_A
=================================================================================================================
admOperatingMode                     9 (10G_FULL)
administrativeState                  1 (UNLOCKED)
autoNegEnable                        false
availabilityStatus                   i[0] = 
egressQosClassification              
egressQosMarking                     
egressQosQueueMap                    EthernetPort=TN_A,QueueSystem=1,QoSClassifier=1,PcpToQueueMap=1
encapsulation                        FieldReplaceableUnit=BB6630,TnPort=TN_A
ethernetPortId                       TN_A
holdDownTimer                        
ingressQosMarking                    [0] = 
lldpTransmit                         0 (DISABLED)
macAddress                           54:9B:72:9E:26:7A
mtu                                  9000
operOperatingMode                    9 (10G_FULL)
operationalState                     1 (ENABLED)
reservedBy                           [4] = 
 >>> reservedBy = Transport=1,VlanPort=1376
 >>> reservedBy = Transport=1,VlanPort=1377
 >>> reservedBy = Transport=1,Ptp=1,BoundaryOrdinaryClock=PTP1,PtpBcOcPort=1
 >>> reservedBy = Transport=1,Synchronization=1,SyncEthInput=1
supplicant                           
userLabel                            
=================================================================================================================
Total: 1 MOs


EMZ018>  hwpid

200713-02:11:53 10.74.205.253 20.0c MSRBS_NODE_MODEL_20.Q1_434.28140.66_58a9 stopfile=/tmp/23849
coli>/board/hwpid
Product Number: KDU137848/11
Product Revision: R2F
Product Name: DUS 53 01
Market Name: Baseband 6630
Product Date: 20190319
Product Serial Number: TD3B813723
coli>

