Log start: 210527-110809 - OFFLINE_BJ308687_dcg_k - moshell 21.0f - /home/ewaglee/BJ308687.log

OFFLINE_BJ308687_DCG_K> pr NRCellRelation=

210527-11:08:13 OFFLINE_BJ308687_dcg_k 21.0f MSRBS_NODE_MODEL_21.Q2_508.27859.133_bacf stopfile=/tmp/543
===================================================================================
Proxy  MO
===================================================================================
  287  GNBCUCPFunction=gNBId73398,NRCellCU=RBJ308687-1A1,NRCellRelation=RBJ308611-1A1
  288  GNBCUCPFunction=gNBId73398,NRCellCU=RBJ308687-1A1,NRCellRelation=RBJ308611-1B1
  289  GNBCUCPFunction=gNBId73398,NRCellCU=RBJ308687-1A1,NRCellRelation=RBJ308611-1C1
  290  GNBCUCPFunction=gNBId73398,NRCellCU=RBJ308687-1A1,NRCellRelation=RBJ308611-1D1
  291  GNBCUCPFunction=gNBId73398,NRCellCU=RBJ308687-1A1,NRCellRelation=RBJ308611-1E1
  292  GNBCUCPFunction=gNBId73398,NRCellCU=RBJ308687-1A1,NRCellRelation=RBJ308611-1F1
  293  GNBCUCPFunction=gNBId73398,NRCellCU=RBJ308687-1A1,NRCellRelation=RBJ308687-1B1
  294  GNBCUCPFunction=gNBId73398,NRCellCU=RBJ308687-1A1,NRCellRelation=RBJ308687-1C1
  295  GNBCUCPFunction=gNBId73398,NRCellCU=RBJ308687-1A1,NRCellRelation=RBJ308687-1D1
  296  GNBCUCPFunction=gNBId73398,NRCellCU=RBJ308687-1A1,NRCellRelation=RBJ308687-1E1
  297  GNBCUCPFunction=gNBId73398,NRCellCU=RBJ308687-1A1,NRCellRelation=RBJ308687-1F1
  298  GNBCUCPFunction=gNBId73398,NRCellCU=RBJ308687-1A1,NRCellRelation=RBJ308688-1A1
  299  GNBCUCPFunction=gNBId73398,NRCellCU=RBJ308687-1A1,NRCellRelation=RBJ308688-1B1
  308  GNBCUCPFunction=gNBId73398,NRCellCU=RBJ308687-1B1,NRCellRelation=RBJ308611-1A1
  309  GNBCUCPFunction=gNBId73398,NRCellCU=RBJ308687-1B1,NRCellRelation=RBJ308611-1B1
  310  GNBCUCPFunction=gNBId73398,NRCellCU=RBJ308687-1B1,NRCellRelation=RBJ308611-1C1
  311  GNBCUCPFunction=gNBId73398,NRCellCU=RBJ308687-1B1,NRCellRelation=RBJ308611-1D1
  312  GNBCUCPFunction=gNBId73398,NRCellCU=RBJ308687-1B1,NRCellRelation=RBJ308611-1E1
  313  GNBCUCPFunction=gNBId73398,NRCellCU=RBJ308687-1B1,NRCellRelation=RBJ308611-1F1
  314  GNBCUCPFunction=gNBId73398,NRCellCU=RBJ308687-1B1,NRCellRelation=RBJ308687-1A1
  315  GNBCUCPFunction=gNBId73398,NRCellCU=RBJ308687-1B1,NRCellRelation=RBJ308687-1C1
  316  GNBCUCPFunction=gNBId73398,NRCellCU=RBJ308687-1B1,NRCellRelation=RBJ308687-1D1
  317  GNBCUCPFunction=gNBId73398,NRCellCU=RBJ308687-1B1,NRCellRelation=RBJ308687-1E1
  318  GNBCUCPFunction=gNBId73398,NRCellCU=RBJ308687-1B1,NRCellRelation=RBJ308687-1F1
  319  GNBCUCPFunction=gNBId73398,NRCellCU=RBJ308687-1B1,NRCellRelation=RBJ308688-1A1
  320  GNBCUCPFunction=gNBId73398,NRCellCU=RBJ308687-1B1,NRCellRelation=RBJ308688-1B1
  329  GNBCUCPFunction=gNBId73398,NRCellCU=RBJ308687-1C1,NRCellRelation=RBJ308611-1A1
  330  GNBCUCPFunction=gNBId73398,NRCellCU=RBJ308687-1C1,NRCellRelation=RBJ308611-1B1
  331  GNBCUCPFunction=gNBId73398,NRCellCU=RBJ308687-1C1,NRCellRelation=RBJ308611-1C1
  332  GNBCUCPFunction=gNBId73398,NRCellCU=RBJ308687-1C1,NRCellRelation=RBJ308611-1D1
  333  GNBCUCPFunction=gNBId73398,NRCellCU=RBJ308687-1C1,NRCellRelation=RBJ308611-1E1
  334  GNBCUCPFunction=gNBId73398,NRCellCU=RBJ308687-1C1,NRCellRelation=RBJ308611-1F1
  335  GNBCUCPFunction=gNBId73398,NRCellCU=RBJ308687-1C1,NRCellRelation=RBJ308687-1A1
  336  GNBCUCPFunction=gNBId73398,NRCellCU=RBJ308687-1C1,NRCellRelation=RBJ308687-1B1
  337  GNBCUCPFunction=gNBId73398,NRCellCU=RBJ308687-1C1,NRCellRelation=RBJ308687-1D1
  338  GNBCUCPFunction=gNBId73398,NRCellCU=RBJ308687-1C1,NRCellRelation=RBJ308687-1E1
  339  GNBCUCPFunction=gNBId73398,NRCellCU=RBJ308687-1C1,NRCellRelation=RBJ308687-1F1
  340  GNBCUCPFunction=gNBId73398,NRCellCU=RBJ308687-1C1,NRCellRelation=RBJ308688-1A1
  341  GNBCUCPFunction=gNBId73398,NRCellCU=RBJ308687-1C1,NRCellRelation=RBJ308688-1B1
  350  GNBCUCPFunction=gNBId73398,NRCellCU=RBJ308687-1D1,NRCellRelation=RBJ308611-1A1
  351  GNBCUCPFunction=gNBId73398,NRCellCU=RBJ308687-1D1,NRCellRelation=RBJ308611-1B1
  352  GNBCUCPFunction=gNBId73398,NRCellCU=RBJ308687-1D1,NRCellRelation=RBJ308611-1C1
  353  GNBCUCPFunction=gNBId73398,NRCellCU=RBJ308687-1D1,NRCellRelation=RBJ308611-1D1
  354  GNBCUCPFunction=gNBId73398,NRCellCU=RBJ308687-1D1,NRCellRelation=RBJ308611-1E1
  355  GNBCUCPFunction=gNBId73398,NRCellCU=RBJ308687-1D1,NRCellRelation=RBJ308611-1F1
  356  GNBCUCPFunction=gNBId73398,NRCellCU=RBJ308687-1D1,NRCellRelation=RBJ308687-1A1
  357  GNBCUCPFunction=gNBId73398,NRCellCU=RBJ308687-1D1,NRCellRelation=RBJ308687-1B1
  358  GNBCUCPFunction=gNBId73398,NRCellCU=RBJ308687-1D1,NRCellRelation=RBJ308687-1C1
  359  GNBCUCPFunction=gNBId73398,NRCellCU=RBJ308687-1D1,NRCellRelation=RBJ308687-1E1
  360  GNBCUCPFunction=gNBId73398,NRCellCU=RBJ308687-1D1,NRCellRelation=RBJ308687-1F1
  361  GNBCUCPFunction=gNBId73398,NRCellCU=RBJ308687-1D1,NRCellRelation=RBJ308688-1A1
  362  GNBCUCPFunction=gNBId73398,NRCellCU=RBJ308687-1D1,NRCellRelation=RBJ308688-1B1
  371  GNBCUCPFunction=gNBId73398,NRCellCU=RBJ308687-1E1,NRCellRelation=RBJ308611-1A1
  372  GNBCUCPFunction=gNBId73398,NRCellCU=RBJ308687-1E1,NRCellRelation=RBJ308611-1B1
  373  GNBCUCPFunction=gNBId73398,NRCellCU=RBJ308687-1E1,NRCellRelation=RBJ308611-1C1
  374  GNBCUCPFunction=gNBId73398,NRCellCU=RBJ308687-1E1,NRCellRelation=RBJ308611-1D1
  375  GNBCUCPFunction=gNBId73398,NRCellCU=RBJ308687-1E1,NRCellRelation=RBJ308611-1E1
  376  GNBCUCPFunction=gNBId73398,NRCellCU=RBJ308687-1E1,NRCellRelation=RBJ308611-1F1
  377  GNBCUCPFunction=gNBId73398,NRCellCU=RBJ308687-1E1,NRCellRelation=RBJ308687-1A1
  378  GNBCUCPFunction=gNBId73398,NRCellCU=RBJ308687-1E1,NRCellRelation=RBJ308687-1B1
  379  GNBCUCPFunction=gNBId73398,NRCellCU=RBJ308687-1E1,NRCellRelation=RBJ308687-1C1
  380  GNBCUCPFunction=gNBId73398,NRCellCU=RBJ308687-1E1,NRCellRelation=RBJ308687-1D1
  381  GNBCUCPFunction=gNBId73398,NRCellCU=RBJ308687-1E1,NRCellRelation=RBJ308687-1F1
  382  GNBCUCPFunction=gNBId73398,NRCellCU=RBJ308687-1E1,NRCellRelation=RBJ308688-1A1
  383  GNBCUCPFunction=gNBId73398,NRCellCU=RBJ308687-1E1,NRCellRelation=RBJ308688-1B1
  392  GNBCUCPFunction=gNBId73398,NRCellCU=RBJ308687-1F1,NRCellRelation=RBJ308611-1A1
  393  GNBCUCPFunction=gNBId73398,NRCellCU=RBJ308687-1F1,NRCellRelation=RBJ308611-1B1
  394  GNBCUCPFunction=gNBId73398,NRCellCU=RBJ308687-1F1,NRCellRelation=RBJ308611-1C1
  395  GNBCUCPFunction=gNBId73398,NRCellCU=RBJ308687-1F1,NRCellRelation=RBJ308611-1D1
  396  GNBCUCPFunction=gNBId73398,NRCellCU=RBJ308687-1F1,NRCellRelation=RBJ308611-1E1
  397  GNBCUCPFunction=gNBId73398,NRCellCU=RBJ308687-1F1,NRCellRelation=RBJ308611-1F1
  398  GNBCUCPFunction=gNBId73398,NRCellCU=RBJ308687-1F1,NRCellRelation=RBJ308612-1A1
  399  GNBCUCPFunction=gNBId73398,NRCellCU=RBJ308687-1F1,NRCellRelation=RBJ308687-1A1
  400  GNBCUCPFunction=gNBId73398,NRCellCU=RBJ308687-1F1,NRCellRelation=RBJ308687-1B1
  401  GNBCUCPFunction=gNBId73398,NRCellCU=RBJ308687-1F1,NRCellRelation=RBJ308687-1C1
  402  GNBCUCPFunction=gNBId73398,NRCellCU=RBJ308687-1F1,NRCellRelation=RBJ308687-1D1
  403  GNBCUCPFunction=gNBId73398,NRCellCU=RBJ308687-1F1,NRCellRelation=RBJ308687-1E1
  404  GNBCUCPFunction=gNBId73398,NRCellCU=RBJ308687-1F1,NRCellRelation=RBJ308688-1A1
  405  GNBCUCPFunction=gNBId73398,NRCellCU=RBJ308687-1F1,NRCellRelation=RBJ308688-1B1
===================================================================================
Total: 79 MOs

OFFLINE_BJ308687_DCG_K> hget ExternalGNBCUCPFunction= gNBId|gNBIdLength|pLMNId

210527-11:08:25 OFFLINE_BJ308687_dcg_k 21.0f MSRBS_NODE_MODEL_21.Q2_508.27859.133_bacf stopfile=/tmp/543

=================================================================================================================
MO                                           gNBId gNBIdLength mcc mnc
=================================================================================================================
NRNetwork=1,ExternalGNBCUCPFunction=BJ308611 73403 24          460 01 
NRNetwork=1,ExternalGNBCUCPFunction=BJ308612 73402 24          460 01 
NRNetwork=1,ExternalGNBCUCPFunction=BJ308688 73399 24          460 01 
=================================================================================================================
Total: 3 MOs

Added 3 MOs to group: hget_group

OFFLINE_BJ308687_DCG_K> hget ExternalNRCellCU=  cellLocalId|externalNRCellCUId|nRFrequencyRef|nRPCI|nRTAC

210527-11:08:33 OFFLINE_BJ308687_dcg_k 21.0f MSRBS_NODE_MODEL_21.Q2_508.27859.133_bacf stopfile=/tmp/543

=================================================================================================================
MO                                                                          cellLocalId externalNRCellCUId nRFrequencyRef                           nRPCI nRTAC
=================================================================================================================
NRNetwork=1,ExternalGNBCUCPFunction=BJ308611,ExternalNRCellCU=RBJ308611-1A1 257         RBJ308611-1A1      NRNetwork=1,NRFrequency=633984-30-20-0-1 153   90123
NRNetwork=1,ExternalGNBCUCPFunction=BJ308611,ExternalNRCellCU=RBJ308611-1B1 258         RBJ308611-1B1      NRNetwork=1,NRFrequency=633984-30-20-0-1 154   90123
NRNetwork=1,ExternalGNBCUCPFunction=BJ308611,ExternalNRCellCU=RBJ308611-1C1 259         RBJ308611-1C1      NRNetwork=1,NRFrequency=633984-30-20-0-1 393   90123
NRNetwork=1,ExternalGNBCUCPFunction=BJ308611,ExternalNRCellCU=RBJ308611-1D1 260         RBJ308611-1D1      NRNetwork=1,NRFrequency=633984-30-20-0-1 394   90123
NRNetwork=1,ExternalGNBCUCPFunction=BJ308611,ExternalNRCellCU=RBJ308611-1E1 261         RBJ308611-1E1      NRNetwork=1,NRFrequency=633984-30-20-0-1 240   90123
NRNetwork=1,ExternalGNBCUCPFunction=BJ308611,ExternalNRCellCU=RBJ308611-1F1 262         RBJ308611-1F1      NRNetwork=1,NRFrequency=633984-30-20-0-1 241   90123
NRNetwork=1,ExternalGNBCUCPFunction=BJ308612,ExternalNRCellCU=RBJ308612-1A1 262         RBJ308612-1A1      NRNetwork=1,NRFrequency=633984-30-20-0-1 774   90123
NRNetwork=1,ExternalGNBCUCPFunction=BJ308688,ExternalNRCellCU=RBJ308688-1A1 257         RBJ308688-1A1      NRNetwork=1,NRFrequency=633984-30-20-0-1 126   90123
NRNetwork=1,ExternalGNBCUCPFunction=BJ308688,ExternalNRCellCU=RBJ308688-1B1 258         RBJ308688-1B1      NRNetwork=1,NRFrequency=633984-30-20-0-1 127   90123
=================================================================================================================
Total: 9 MOs

Added 9 MOs to group: hget_group

Log close: 210527-110836 - /home/ewaglee/BJ308687.log
