Log start: 210602-135522 - OFFLINE_BJ308688_dcg_k - moshell 21.0e - /home/eguopli/BJ308688.log

OFFLINE_BJ308688_DCG_K> pr NRCellRelation=

210602-13:55:31 OFFLINE_BJ308688_dcg_k 21.0e MSRBS_NODE_MODEL_21.Q2_508.27859.133_bacf stopfile=/tmp/2280
===================================================================================
Proxy  MO
===================================================================================
  131  GNBCUCPFunction=gNBId73399,NRCellCU=RBJ308688-1A1,NRCellRelation=RBJ307485-3C1
  132  GNBCUCPFunction=gNBId73399,NRCellCU=RBJ308688-1A1,NRCellRelation=RBJ308612-1A1
  133  GNBCUCPFunction=gNBId73399,NRCellCU=RBJ308688-1A1,NRCellRelation=RBJ308612-1B1
  134  GNBCUCPFunction=gNBId73399,NRCellCU=RBJ308688-1A1,NRCellRelation=RBJ308612-1C1
  135  GNBCUCPFunction=gNBId73399,NRCellCU=RBJ308688-1A1,NRCellRelation=RBJ308612-1D1
  136  GNBCUCPFunction=gNBId73399,NRCellCU=RBJ308688-1A1,NRCellRelation=RBJ308612-1E1
  137  GNBCUCPFunction=gNBId73399,NRCellCU=RBJ308688-1A1,NRCellRelation=RBJ308612-1F1
  138  GNBCUCPFunction=gNBId73399,NRCellCU=RBJ308688-1A1,NRCellRelation=RBJ308687-1A1
  139  GNBCUCPFunction=gNBId73399,NRCellCU=RBJ308688-1A1,NRCellRelation=RBJ308687-1B1
  140  GNBCUCPFunction=gNBId73399,NRCellCU=RBJ308688-1A1,NRCellRelation=RBJ308687-1C1
  141  GNBCUCPFunction=gNBId73399,NRCellCU=RBJ308688-1A1,NRCellRelation=RBJ308687-1D1
  142  GNBCUCPFunction=gNBId73399,NRCellCU=RBJ308688-1A1,NRCellRelation=RBJ308687-1E1
  143  GNBCUCPFunction=gNBId73399,NRCellCU=RBJ308688-1A1,NRCellRelation=RBJ308687-1F1
  144  GNBCUCPFunction=gNBId73399,NRCellCU=RBJ308688-1A1,NRCellRelation=RBJ308688-1B1
  153  GNBCUCPFunction=gNBId73399,NRCellCU=RBJ308688-1B1,NRCellRelation=RBJ308612-1A1
  154  GNBCUCPFunction=gNBId73399,NRCellCU=RBJ308688-1B1,NRCellRelation=RBJ308612-1B1
  155  GNBCUCPFunction=gNBId73399,NRCellCU=RBJ308688-1B1,NRCellRelation=RBJ308612-1C1
  156  GNBCUCPFunction=gNBId73399,NRCellCU=RBJ308688-1B1,NRCellRelation=RBJ308612-1D1
  157  GNBCUCPFunction=gNBId73399,NRCellCU=RBJ308688-1B1,NRCellRelation=RBJ308612-1E1
  158  GNBCUCPFunction=gNBId73399,NRCellCU=RBJ308688-1B1,NRCellRelation=RBJ308612-1F1
  159  GNBCUCPFunction=gNBId73399,NRCellCU=RBJ308688-1B1,NRCellRelation=RBJ308687-1A1
  160  GNBCUCPFunction=gNBId73399,NRCellCU=RBJ308688-1B1,NRCellRelation=RBJ308687-1B1
  161  GNBCUCPFunction=gNBId73399,NRCellCU=RBJ308688-1B1,NRCellRelation=RBJ308687-1C1
  162  GNBCUCPFunction=gNBId73399,NRCellCU=RBJ308688-1B1,NRCellRelation=RBJ308687-1D1
  163  GNBCUCPFunction=gNBId73399,NRCellCU=RBJ308688-1B1,NRCellRelation=RBJ308687-1E1
  164  GNBCUCPFunction=gNBId73399,NRCellCU=RBJ308688-1B1,NRCellRelation=RBJ308687-1F1
  165  GNBCUCPFunction=gNBId73399,NRCellCU=RBJ308688-1B1,NRCellRelation=RBJ308688-1A1
===================================================================================
Total: 27 MOs

OFFLINE_BJ308688_DCG_K> hget ExternalGNBCUCPFunction= gNBId|gNBIdLength|pLMNId

210602-13:55:42 OFFLINE_BJ308688_dcg_k 21.0e MSRBS_NODE_MODEL_21.Q2_508.27859.133_bacf stopfile=/tmp/2280

=================================================================================================================
MO                                           gNBId gNBIdLength mcc mnc
=================================================================================================================
NRNetwork=1,ExternalGNBCUCPFunction=BJ307485 70337 24          460 01 
NRNetwork=1,ExternalGNBCUCPFunction=BJ308612 73402 24          460 01 
NRNetwork=1,ExternalGNBCUCPFunction=BJ308687 73398 24          460 01 
=================================================================================================================
Total: 3 MOs

Added 3 MOs to group: hget_group

OFFLINE_BJ308688_DCG_K> hget ExternalNRCellCU=  cellLocalId|externalNRCellCUId|nRFrequencyRef|nRPCI|nRTAC

210602-13:55:51 OFFLINE_BJ308688_dcg_k 21.0e MSRBS_NODE_MODEL_21.Q2_508.27859.133_bacf stopfile=/tmp/2280

=================================================================================================================
MO                                                                          cellLocalId externalNRCellCUId nRFrequencyRef                           nRPCI nRTAC
=================================================================================================================
NRNetwork=1,ExternalGNBCUCPFunction=BJ307485,ExternalNRCellCU=RBJ307485-3C1 259         RBJ307485-3C1      NRNetwork=1,NRFrequency=633984-30-20-0-1 284   90123
NRNetwork=1,ExternalGNBCUCPFunction=BJ308612,ExternalNRCellCU=RBJ308612-1A1 257         RBJ308612-1A1      NRNetwork=1,NRFrequency=633984-30-20-0-1 774   90123
NRNetwork=1,ExternalGNBCUCPFunction=BJ308612,ExternalNRCellCU=RBJ308612-1B1 258         RBJ308612-1B1      NRNetwork=1,NRFrequency=633984-30-20-0-1 775   90123
NRNetwork=1,ExternalGNBCUCPFunction=BJ308612,ExternalNRCellCU=RBJ308612-1C1 259         RBJ308612-1C1      NRNetwork=1,NRFrequency=633984-30-20-0-1 90    90123
NRNetwork=1,ExternalGNBCUCPFunction=BJ308612,ExternalNRCellCU=RBJ308612-1D1 260         RBJ308612-1D1      NRNetwork=1,NRFrequency=633984-30-20-0-1 91    90123
NRNetwork=1,ExternalGNBCUCPFunction=BJ308612,ExternalNRCellCU=RBJ308612-1E1 261         RBJ308612-1E1      NRNetwork=1,NRFrequency=633984-30-20-0-1 447   90123
NRNetwork=1,ExternalGNBCUCPFunction=BJ308612,ExternalNRCellCU=RBJ308612-1F1 262         RBJ308612-1F1      NRNetwork=1,NRFrequency=633984-30-20-0-1 448   90123
NRNetwork=1,ExternalGNBCUCPFunction=BJ308687,ExternalNRCellCU=RBJ308687-1A1 257         RBJ308687-1A1      NRNetwork=1,NRFrequency=633984-30-20-0-1 873   90123
NRNetwork=1,ExternalGNBCUCPFunction=BJ308687,ExternalNRCellCU=RBJ308687-1B1 258         RBJ308687-1B1      NRNetwork=1,NRFrequency=633984-30-20-0-1 874   90123
NRNetwork=1,ExternalGNBCUCPFunction=BJ308687,ExternalNRCellCU=RBJ308687-1C1 259         RBJ308687-1C1      NRNetwork=1,NRFrequency=633984-30-20-0-1 489   90123
NRNetwork=1,ExternalGNBCUCPFunction=BJ308687,ExternalNRCellCU=RBJ308687-1D1 260         RBJ308687-1D1      NRNetwork=1,NRFrequency=633984-30-20-0-1 490   90123
NRNetwork=1,ExternalGNBCUCPFunction=BJ308687,ExternalNRCellCU=RBJ308687-1E1 261         RBJ308687-1E1      NRNetwork=1,NRFrequency=633984-30-20-0-1 204   90123
NRNetwork=1,ExternalGNBCUCPFunction=BJ308687,ExternalNRCellCU=RBJ308687-1F1 262         RBJ308687-1F1      NRNetwork=1,NRFrequency=633984-30-20-0-1 205   90123
=================================================================================================================
Total: 13 MOs

Added 13 MOs to group: hget_group

Log close: 210602-135557 - /home/eguopli/BJ308688.log
